<?xml version="1.0" encoding="UTF-8"?>
<testng-results ignored="0" total="2" passed="1" failed="1" skipped="0">
  <reporter-output>
  </reporter-output>
  <suite started-at="2022-03-07T07:32:12 IST" name="Default suite" finished-at="2022-03-07T07:32:14 IST" duration-ms="1469">
    <groups>
    </groups>
    <test started-at="2022-03-07T07:32:12 IST" name="Default test" finished-at="2022-03-07T07:32:14 IST" duration-ms="1469">
      <class name="com.localSetup.ProjectTest.TestClass.TC002">
        <test-method is-config="true" signature="startTest()[pri:0, instance:com.localSetup.ProjectTest.TestClass.TC002@65fb9ffc]" started-at="2022-03-07T07:32:13 IST" name="startTest" finished-at="2022-03-07T07:32:13 IST" duration-ms="763" status="PASS">
          <reporter-output>
          </reporter-output>
        </test-method> <!-- startTest -->
        <test-method signature="failCase()[pri:0, instance:com.localSetup.ProjectTest.TestClass.TC002@65fb9ffc]" started-at="2022-03-07T07:32:13 IST" name="failCase" finished-at="2022-03-07T07:32:13 IST" duration-ms="16" status="PASS">
          <reporter-output>
          </reporter-output>
        </test-method> <!-- failCase -->
        <test-method signature="verifyLoginFunction()[pri:0, instance:com.localSetup.ProjectTest.TestClass.TC002@65fb9ffc]" started-at="2022-03-07T07:32:13 IST" name="verifyLoginFunction" finished-at="2022-03-07T07:32:13 IST" duration-ms="9" status="FAIL">
          <exception class="java.lang.NullPointerException">
            <full-stacktrace>
              <![CDATA[java.lang.NullPointerException
at com.localSetup.ProjectTest.automationTestStore.generic.Driver.loggerMethod(Driver.java:121)
at com.localSetup.ProjectTest.automationTestStore.generic.Driver.launchBrowser(Driver.java:53)
at com.localSetup.ProjectTest.TestClass.TC002.verifyLoginFunction(TC002.java:40)
at java.base/jdk.internal.reflect.NativeMethodAccessorImpl.invoke0(Native Method)
at java.base/jdk.internal.reflect.NativeMethodAccessorImpl.invoke(NativeMethodAccessorImpl.java:62)
at java.base/jdk.internal.reflect.DelegatingMethodAccessorImpl.invoke(DelegatingMethodAccessorImpl.java:43)
at java.base/java.lang.reflect.Method.invoke(Method.java:566)
at org.testng.internal.MethodInvocationHelper.invokeMethod(MethodInvocationHelper.java:133)
at org.testng.internal.TestInvoker.invokeMethod(TestInvoker.java:598)
at org.testng.internal.TestInvoker.invokeTestMethod(TestInvoker.java:173)
at org.testng.internal.MethodRunner.runInSequence(MethodRunner.java:46)
at org.testng.internal.TestInvoker$MethodInvocationAgent.invoke(TestInvoker.java:824)
at org.testng.internal.TestInvoker.invokeTestMethods(TestInvoker.java:146)
at org.testng.internal.TestMethodWorker.invokeTestMethods(TestMethodWorker.java:146)
at org.testng.internal.TestMethodWorker.run(TestMethodWorker.java:128)
at java.base/java.util.ArrayList.forEach(ArrayList.java:1541)
at org.testng.TestRunner.privateRun(TestRunner.java:794)
at org.testng.TestRunner.run(TestRunner.java:596)
at org.testng.SuiteRunner.runTest(SuiteRunner.java:377)
at org.testng.SuiteRunner.runSequentially(SuiteRunner.java:371)
at org.testng.SuiteRunner.privateRun(SuiteRunner.java:332)
at org.testng.SuiteRunner.run(SuiteRunner.java:276)
at org.testng.SuiteRunnerWorker.runSuite(SuiteRunnerWorker.java:53)
at org.testng.SuiteRunnerWorker.run(SuiteRunnerWorker.java:96)
at org.testng.TestNG.runSuitesSequentially(TestNG.java:1212)
at org.testng.TestNG.runSuitesLocally(TestNG.java:1134)
at org.testng.TestNG.runSuites(TestNG.java:1063)
at org.testng.TestNG.run(TestNG.java:1031)
at org.testng.remote.AbstractRemoteTestNG.run(AbstractRemoteTestNG.java:115)
at org.testng.remote.RemoteTestNG.initAndRun(RemoteTestNG.java:251)
at org.testng.remote.RemoteTestNG.main(RemoteTestNG.java:77)
]]>
            </full-stacktrace>
          </exception> <!-- java.lang.NullPointerException -->
          <reporter-output>
          </reporter-output>
        </test-method> <!-- verifyLoginFunction -->
        <test-method is-config="true" signature="endTest()[pri:0, instance:com.localSetup.ProjectTest.TestClass.TC002@65fb9ffc]" started-at="2022-03-07T07:32:13 IST" name="endTest" finished-at="2022-03-07T07:32:14 IST" duration-ms="569" status="PASS">
          <reporter-output>
          </reporter-output>
        </test-method> <!-- endTest -->
      </class> <!-- com.localSetup.ProjectTest.TestClass.TC002 -->
    </test> <!-- Default test -->
  </suite> <!-- Default suite -->
</testng-results>
